Loading training args
Loading data
Validating SMILES
Test size = 1,433
Predicting with an ensemble of 1 models
  0%|          | 0/1 [00:00<?, ?it/s]100%|██████████| 1/1 [00:06<00:00,  6.47s/it]100%|██████████| 1/1 [00:06<00:00,  6.47s/it]
Moving model to cuda
Loading training args
Loading data
Validating SMILES
Test size = 752
Predicting with an ensemble of 1 models
  0%|          | 0/1 [00:00<?, ?it/s]100%|██████████| 1/1 [00:01<00:00,  1.93s/it]100%|██████████| 1/1 [00:01<00:00,  1.93s/it]
Moving model to cuda
Loading training args
Loading data
Validating SMILES
Test size = 740
Predicting with an ensemble of 1 models
  0%|          | 0/1 [00:00<?, ?it/s]100%|██████████| 1/1 [00:01<00:00,  1.85s/it]100%|██████████| 1/1 [00:01<00:00,  1.85s/it]
Moving model to cuda
